<?xml version="1.0" encoding="UTF-8"?>
<!-- Generated by org.testng.reporters.JUnitReportReporter -->
<testsuite hostname="DESKTOP-5T7138S" failures="0" tests="1" name="base.BasePage" time="25.616" errors="0" timestamp="2023-11-08T21:39:22 EST" skipped="0">
  <testcase classname="base.BasePage" name="signin" time="25.616"/>
  <system-out/>
</testsuite> <!-- base.BasePage -->
